<?xml version="1.0" encoding="UTF-8"?>
<robot generator="Robot 7.3.2 (Python 3.11.9 on darwin)" generated="2026-04-25T12:49:39.983587" rpa="false" schemaversion="5">
<suite id="s1" name="Tests" source="/Users/m3/Documents/Sneha_IMP/Robot_framework_project/tests">
<suite id="s1-s1" name="Api" source="/Users/m3/Documents/Sneha_IMP/Robot_framework_project/tests/api">
<suite id="s1-s1-s1" name="Users Api" source="/Users/m3/Documents/Sneha_IMP/Robot_framework_project/tests/api/users_api.robot">
<test id="s1-s1-s1-t1" name="Get Users API Test" line="5">
<kw name="Create API Session" owner="api_keywords">
<kw name="Create Session">
<msg time="2026-04-25T12:49:40.002916" level="FAIL">No keyword with name 'Create Session' found. Did you mean:
    api_keywords.Create API Session</msg>
<arg>mysession</arg>
<arg>${api_url}</arg>
<status status="FAIL" start="2026-04-25T12:49:40.002904" elapsed="0.000035">No keyword with name 'Create Session' found. Did you mean:
    api_keywords.Create API Session</status>
</kw>
<status status="FAIL" start="2026-04-25T12:49:40.002502" elapsed="0.000489">No keyword with name 'Create Session' found. Did you mean:
    api_keywords.Create API Session</status>
</kw>
<kw name="Get Users API" owner="api_keywords">
<var>${response}</var>
<status status="NOT RUN" start="2026-04-25T12:49:40.003068" elapsed="0.000011"/>
</kw>
<kw name="Should Be Equal As Numbers" owner="BuiltIn">
<arg>${response.status_code}</arg>
<arg>200</arg>
<doc>Fails if objects are unequal after converting them to real numbers.</doc>
<status status="NOT RUN" start="2026-04-25T12:49:40.003126" elapsed="0.000008"/>
</kw>
<status status="FAIL" start="2026-04-25T12:49:40.002272" elapsed="0.000922">No keyword with name 'Create Session' found. Did you mean:
    api_keywords.Create API Session</status>
</test>
<status status="FAIL" start="2026-04-25T12:49:40.000112" elapsed="0.003209"/>
</suite>
<status status="FAIL" start="2026-04-25T12:49:39.999669" elapsed="0.003806"/>
</suite>
<suite id="s1-s2" name="Ui" source="/Users/m3/Documents/Sneha_IMP/Robot_framework_project/tests/ui">
<suite id="s1-s2-s1" name="Login Tests" source="/Users/m3/Documents/Sneha_IMP/Robot_framework_project/tests/ui/login_tests.robot">
<test id="s1-s2-s1-t1" name="Valid Login Test" line="6">
<kw name="Open Application" owner="common_keywords">
<kw name="Open Browser" owner="SeleniumLibrary">
<msg time="2026-04-25T12:49:40.155746" level="INFO">Opening browser 'chrome' to base url 'https://www.saucedemo.com'.</msg>
<arg>${base_url}</arg>
<arg>${browser}</arg>
<doc>Opens a new browser instance to the optional ``url``.</doc>
<status status="PASS" start="2026-04-25T12:49:40.155646" elapsed="41.313622"/>
</kw>
<kw name="Maximize Browser Window" owner="SeleniumLibrary">
<msg time="2026-04-25T12:50:21.472181" level="WARN">Keyword 'Capture Page Screenshot' could not be run on failure: Message: no such window: target window already closed
from unknown error: web view not found
  (Session info: chrome=147.0.7727.102)
Stacktrace:
0   chromedriver                        0x0000000100eedebc cxxbridge1$str$ptr + 3213376
1   chromedriver                        0x0000000100ee5e8c cxxbridge1$str$ptr + 3180560
2   chromedriver                        0x00000001009ab8d4 _RNvCs10ygTOo3JCa_7___rustc35___rust_no_alloc_shim_is_unstable_v2 + 75096
3   chromedriver                        0x000000010098436c chromedriver + 164716
4   chromedriver                        0x0000000100a1c380 _RNvCs10ygTOo3JCa_7___rustc35___rust_no_alloc_shim_is_unstable_v2 + 536580
5   chromedriver                        0x0000000100a3337c _RNvCs10ygTOo3JCa_7___rustc35___rust_no_alloc_shim_is_unstable_v2 + 630784
6   chromedriver                        0x00000001009e927c _RNvCs10ygTOo3JCa_7___rustc35___rust_no_alloc_shim_is_unstable_v2 + 327424
7   chromedriver                        0x0000000100eabf60 cxxbridge1$str$ptr + 2943204
8   chromedriver                        0x0000000100eaf744 cxxbridge1$str$ptr + 2957512
9   chromedriver                        0x0000000100e90e50 cxxbridge1$str$ptr + 2832340
10  chromedriver                        0x0000000100eaffc4 cxxbridge1$str$ptr + 2959688
11  chromedriver                        0x0000000100e81828 cxxbridge1$str$ptr + 2769324
12  chromedriver                        0x0000000100ed4920 cxxbridge1$str$ptr + 3109540
13  chromedriver                        0x0000000100ed4a9c cxxbridge1$str$ptr + 3109920
14  chromedriver                        0x0000000100ee5ae4 cxxbridge1$str$ptr + 3179624
15  libsystem_pthread.dylib             0x0000000194349c0c _pthread_start + 136
16  libsystem_pthread.dylib             0x0000000194344b80 thread_start + 8
</msg>
<msg time="2026-04-25T12:50:21.472837" level="FAIL">NoSuchWindowException: Message: no such window: target window already closed
from unknown error: web view not found
  (Session info: chrome=147.0.7727.102)
Stacktrace:
0   chromedriver                        0x0000000100eedebc cxxbridge1$str$ptr + 3213376
1   chromedriver                        0x0000000100ee5e8c cxxbridge1$str$ptr + 3180560
2   chromedriver                        0x00000001009ab8d4 _RNvCs10ygTOo3JCa_7___rustc35___rust_no_alloc_shim_is_unstable_v2 + 75096
3   chromedriver                        0x000000010098436c chromedriver + 164716
4   chromedriver                        0x0000000100a1c380 _RNvCs10ygTOo3JCa_7___rustc35___rust_no_alloc_shim_is_unstable_v2 + 536580
5   chromedriver                        0x0000000100a3337c _RNvCs10ygTOo3JCa_7___rustc35___rust_no_alloc_shim_is_unstable_v2 + 630784
6   chromedriver                        0x00000001009e927c _RNvCs10ygTOo3JCa_7___rustc35___rust_no_alloc_shim_is_unstable_v2 + 327424
7   chromedriver                        0x0000000100eabf60 cxxbridge1$str$ptr + 2943204
8   chromedriver                        0x0000000100eaf744 cxxbridge1$str$ptr + 2957512
9   chromedriver                        0x0000000100e90e50 cxxbridge1$str$ptr + 2832340
10  chromedriver                        0x0000000100eaffc4 cxxbridge1$str$ptr + 2959688
11  chromedriver                        0x0000000100e81828 cxxbridge1$str$ptr + 2769324
12  chromedriver                        0x0000000100ed4920 cxxbridge1$str$ptr + 3109540
13  chromedriver                        0x0000000100ed4a9c cxxbridge1$str$ptr + 3109920
14  chromedriver                        0x0000000100ee5ae4 cxxbridge1$str$ptr + 3179624
15  libsystem_pthread.dylib             0x0000000194349c0c _pthread_start + 136
16  libsystem_pthread.dylib             0x0000000194344b80 thread_start + 8
</msg>
<doc>Maximizes current browser window.</doc>
<status status="FAIL" start="2026-04-25T12:50:21.469817" elapsed="0.007845">NoSuchWindowException: Message: no such window: target window already closed
from unknown error: web view not found
  (Session info: chrome=147.0.7727.102)
Stacktrace:
0   chromedriver                        0x0000000100eedebc cxxbridge1$str$ptr + 3213376
1   chromedriver                        0x0000000100ee5e8c cxxbridge1$str$ptr + 3180560
2   chromedriver                        0x00000001009ab8d4 _RNvCs10ygTOo3JCa_7___rustc35___rust_no_alloc_shim_is_unstable_v2 + 75096
3   chromedriver                        0x000000010098436c chromedriver + 164716
4   chromedriver                        0x0000000100a1c380 _RNvCs10ygTOo3JCa_7___rustc35___rust_no_alloc_shim_is_unstable_v2 + 536580
5   chromedriver                        0x0000000100a3337c _RNvCs10ygTOo3JCa_7___rustc35___rust_no_alloc_shim_is_unstable_v2 + 630784
6   chromedriver                        0x00000001009e927c _RNvCs10ygTOo3JCa_7___rustc35___rust_no_alloc_shim_is_unstable_v2 + 327424
7   chromedriver                        0x0000000100eabf60 cxxbridge1$str$ptr + 2943204
8   chromedriver                        0x0000000100eaf744 cxxbridge1$str$ptr + 2957512
9   chromedriver                        0x0000000100e90e50 cxxbridge1$str$ptr + 2832340
10  chromedriver                        0x0000000100eaffc4 cxxbridge1$str$ptr + 2959688
11  chromedriver                        0x0000000100e81828 cxxbridge1$str$ptr + 2769324
12  chromedriver                        0x0000000100ed4920 cxxbridge1$str$ptr + 3109540
13  chromedriver                        0x0000000100ed4a9c cxxbridge1$str$ptr + 3109920
14  chromedriver                        0x0000000100ee5ae4 cxxbridge1$str$ptr + 3179624
15  libsystem_pthread.dylib             0x0000000194349c0c _pthread_start + 136
16  libsystem_pthread.dylib             0x0000000194344b80 thread_start + 8
</status>
</kw>
<status status="FAIL" start="2026-04-25T12:49:40.155417" elapsed="41.322575">NoSuchWindowException: Message: no such window: target window already closed
from unknown error: web view not found
  (Session info: chrome=147.0.7727.102)
Stacktrace:
0   chromedriver                        0x0000000100eedebc cxxbridge1$str$ptr + 3213376
1   chromedriver                        0x0000000100ee5e8c cxxbridge1$str$ptr + 3180560
2   chromedriver                        0x00000001009ab8d4 _RNvCs10ygTOo3JCa_7___rustc35___rust_no_alloc_shim_is_unstable_v2 + 75096
3   chromedriver                        0x000000010098436c chromedriver + 164716
4   chromedriver                        0x0000000100a1c380 _RNvCs10ygTOo3JCa_7___rustc35___rust_no_alloc_shim_is_unstable_v2 + 536580
5   chromedriver                        0x0000000100a3337c _RNvCs10ygTOo3JCa_7___rustc35___rust_no_alloc_shim_is_unstable_v2 + 630784
6   chromedriver                        0x00000001009e927c _RNvCs10ygTOo3JCa_7___rustc35___rust_no_alloc_shim_is_unstable_v2 + 327424
7   chromedriver                        0x0000000100eabf60 cxxbridge1$str$ptr + 2943204
8   chromedriver                        0x0000000100eaf744 cxxbridge1$str$ptr + 2957512
9   chromedriver                        0x0000000100e90e50 cxxbridge1$str$ptr + 2832340
10  chromedriver                        0x0000000100eaffc4 cxxbridge1$str$ptr + 2959688
11  chromedriver                        0x0000000100e81828 cxxbridge1$str$ptr + 2769324
12  chromedriver                        0x0000000100ed4920 cxxbridge1$str$ptr + 3109540
13  chromedriver                        0x0000000100ed4a9c cxxbridge1$str$ptr + 3109920
14  chromedriver                        0x0000000100ee5ae4 cxxbridge1$str$ptr + 3179624
15  libsystem_pthread.dylib             0x0000000194349c0c _pthread_start + 136
16  libsystem_pthread.dylib             0x0000000194344b80 thread_start + 8
</status>
</kw>
<kw name="Input Text" owner="SeleniumLibrary">
<arg>${USERNAME_FIELD}</arg>
<arg>standard_user</arg>
<doc>Types the given ``text`` into the text field identified by ``locator``.</doc>
<status status="NOT RUN" start="2026-04-25T12:50:21.478187" elapsed="0.000038"/>
</kw>
<kw name="Input Text" owner="SeleniumLibrary">
<arg>${PASSWORD_FIELD}</arg>
<arg>secret_sauce</arg>
<doc>Types the given ``text`` into the text field identified by ``locator``.</doc>
<status status="NOT RUN" start="2026-04-25T12:50:21.478323" elapsed="0.000019"/>
</kw>
<kw name="Click Button" owner="SeleniumLibrary">
<arg>${LOGIN_BUTTON}</arg>
<doc>Clicks the button identified by ``locator``.</doc>
<status status="NOT RUN" start="2026-04-25T12:50:21.478556" elapsed="0.000020"/>
</kw>
<kw name="Page Should Contain" owner="SeleniumLibrary">
<arg>Products</arg>
<doc>Verifies that current page contains ``text``.</doc>
<status status="NOT RUN" start="2026-04-25T12:50:21.478657" elapsed="0.000017"/>
</kw>
<kw name="Close Application" owner="common_keywords">
<status status="NOT RUN" start="2026-04-25T12:50:21.478837" elapsed="0.000027"/>
</kw>
<status status="FAIL" start="2026-04-25T12:49:40.155242" elapsed="41.323807">NoSuchWindowException: Message: no such window: target window already closed
from unknown error: web view not found
  (Session info: chrome=147.0.7727.102)
Stacktrace:
0   chromedriver                        0x0000000100eedebc cxxbridge1$str$ptr + 3213376
1   chromedriver                        0x0000000100ee5e8c cxxbridge1$str$ptr + 3180560
2   chromedriver                        0x00000001009ab8d4 _RNvCs10ygTOo3JCa_7___rustc35___rust_no_alloc_shim_is_unstable_v2 + 75096
3   chromedriver                        0x000000010098436c chromedriver + 164716
4   chromedriver                        0x0000000100a1c380 _RNvCs10ygTOo3JCa_7___rustc35___rust_no_alloc_shim_is_unstable_v2 + 536580
5   chromedriver                        0x0000000100a3337c _RNvCs10ygTOo3JCa_7___rustc35___rust_no_alloc_shim_is_unstable_v2 + 630784
6   chromedriver                        0x00000001009e927c _RNvCs10ygTOo3JCa_7___rustc35___rust_no_alloc_shim_is_unstable_v2 + 327424
7   chromedriver                        0x0000000100eabf60 cxxbridge1$str$ptr + 2943204
8   chromedriver                        0x0000000100eaf744 cxxbridge1$str$ptr + 2957512
9   chromedriver                        0x0000000100e90e50 cxxbridge1$str$ptr + 2832340
10  chromedriver                        0x0000000100eaffc4 cxxbridge1$str$ptr + 2959688
11  chromedriver                        0x0000000100e81828 cxxbridge1$str$ptr + 2769324
12  chromedriver                        0x0000000100ed4920 cxxbridge1$str$ptr + 3109540
13  chromedriver                        0x0000000100ed4a9c cxxbridge1$str$ptr + 3109920
14  chromedriver                        0x0000000100ee5ae4 cxxbridge1$str$ptr + 3179624
15  libsystem_pthread.dylib             0x0000000194349c0c _pthread_start + 136
16  libsystem_pthread.dylib             0x0000000194344b80 thread_start + 8
</status>
</test>
<status status="FAIL" start="2026-04-25T12:49:40.003903" elapsed="41.475604"/>
</suite>
<status status="FAIL" start="2026-04-25T12:49:40.003584" elapsed="41.476296"/>
</suite>
<status status="FAIL" start="2026-04-25T12:49:39.984333" elapsed="41.495762"/>
</suite>
<statistics>
<total>
<stat pass="0" fail="2" skip="0">All Tests</stat>
</total>
<tag>
</tag>
<suite>
<stat name="Tests" id="s1" pass="0" fail="2" skip="0">Tests</stat>
<stat name="Api" id="s1-s1" pass="0" fail="1" skip="0">Tests.Api</stat>
<stat name="Users Api" id="s1-s1-s1" pass="0" fail="1" skip="0">Tests.Api.Users Api</stat>
<stat name="Ui" id="s1-s2" pass="0" fail="1" skip="0">Tests.Ui</stat>
<stat name="Login Tests" id="s1-s2-s1" pass="0" fail="1" skip="0">Tests.Ui.Login Tests</stat>
</suite>
</statistics>
<errors>
<msg time="2026-04-25T12:49:40.001686" level="ERROR">Error in file '/Users/m3/Documents/Sneha_IMP/Robot_framework_project/resources/keywords/api_keywords.resource' on line 2: Importing library 'RequestsLibrary' failed: ModuleNotFoundError: No module named 'RequestsLibrary'
Traceback (most recent call last):
  None
PYTHONPATH:
  /Library/Frameworks/Python.framework/Versions/3.11/bin
  /Library/Frameworks/Python.framework/Versions/3.11/lib/python311.zip
  /Library/Frameworks/Python.framework/Versions/3.11/lib/python3.11
  /Library/Frameworks/Python.framework/Versions/3.11/lib/python3.11/lib-dynload
  /Library/Frameworks/Python.framework/Versions/3.11/lib/python3.11/site-packages</msg>
<msg time="2026-04-25T12:50:21.472181" level="WARN">Keyword 'Capture Page Screenshot' could not be run on failure: Message: no such window: target window already closed
from unknown error: web view not found
  (Session info: chrome=147.0.7727.102)
Stacktrace:
0   chromedriver                        0x0000000100eedebc cxxbridge1$str$ptr + 3213376
1   chromedriver                        0x0000000100ee5e8c cxxbridge1$str$ptr + 3180560
2   chromedriver                        0x00000001009ab8d4 _RNvCs10ygTOo3JCa_7___rustc35___rust_no_alloc_shim_is_unstable_v2 + 75096
3   chromedriver                        0x000000010098436c chromedriver + 164716
4   chromedriver                        0x0000000100a1c380 _RNvCs10ygTOo3JCa_7___rustc35___rust_no_alloc_shim_is_unstable_v2 + 536580
5   chromedriver                        0x0000000100a3337c _RNvCs10ygTOo3JCa_7___rustc35___rust_no_alloc_shim_is_unstable_v2 + 630784
6   chromedriver                        0x00000001009e927c _RNvCs10ygTOo3JCa_7___rustc35___rust_no_alloc_shim_is_unstable_v2 + 327424
7   chromedriver                        0x0000000100eabf60 cxxbridge1$str$ptr + 2943204
8   chromedriver                        0x0000000100eaf744 cxxbridge1$str$ptr + 2957512
9   chromedriver                        0x0000000100e90e50 cxxbridge1$str$ptr + 2832340
10  chromedriver                        0x0000000100eaffc4 cxxbridge1$str$ptr + 2959688
11  chromedriver                        0x0000000100e81828 cxxbridge1$str$ptr + 2769324
12  chromedriver                        0x0000000100ed4920 cxxbridge1$str$ptr + 3109540
13  chromedriver                        0x0000000100ed4a9c cxxbridge1$str$ptr + 3109920
14  chromedriver                        0x0000000100ee5ae4 cxxbridge1$str$ptr + 3179624
15  libsystem_pthread.dylib             0x0000000194349c0c _pthread_start + 136
16  libsystem_pthread.dylib             0x0000000194344b80 thread_start + 8
</msg>
</errors>
</robot>
