<?xml version="1.0" encoding="UTF-8"?>
<robot generator="Robot 7.4.2 (Python 3.14.2 on darwin)" generated="2026-05-01T12:11:22.154549" rpa="false" schemaversion="5">
<suite id="s1" name="Users Api" source="/Users/m3/Documents/Sneha_IMP/Robot_framework_project/tests/api/users_api.robot">
<test id="s1-t1" name="Get Users API Test" line="5">
<kw name="Create API Session" owner="api_keywords">
<kw name="Create Session" owner="RequestsLibrary">
<msg time="2026-05-01T12:11:22.366639" level="INFO">Creating Session using : alias=mysession, url=https://reqres.in, headers={},                     cookies={}, auth=None, timeout=None, proxies=None, verify=False,                     debug=0 </msg>
<arg>mysession</arg>
<arg>${api_url}</arg>
<doc>Create Session: create a HTTP session to a server</doc>
<status status="PASS" start="2026-05-01T12:11:22.366557" elapsed="0.000176"/>
</kw>
<status status="PASS" start="2026-05-01T12:11:22.366311" elapsed="0.000466"/>
</kw>
<kw name="Get Users API" owner="api_keywords">
<kw name="GET On Session" owner="RequestsLibrary">
<msg time="2026-05-01T12:11:26.506499" level="INFO">GET Request : url=https://reqres.in/api/users 
 path_url=/api/users 
 headers={'User-Agent': 'python-requests/2.33.1', 'Accept-Encoding': 'gzip, deflate, zstd', 'Accept': '*/*', 'Connection': 'keep-alive'} 
 body=None 
 </msg>
<msg time="2026-05-01T12:11:26.506820" level="INFO">GET Response : url=https://reqres.in/api/users 
 status=401, reason=Unauthorized 
 headers={'Date': 'Fri, 01 May 2026 06:41:26 GMT', 'Content-Type': 'application/json; charset=utf-8', 'Content-Length': '854', 'Connection': 'keep-alive', 'Access-Control-Allow-Origin': '*', 'Cache-Control': 'no-store', 'Cross-Origin-Opener-Policy': 'same-origin', 'Cross-Origin-Resource-Policy': 'same-origin', 'Etag': 'W/"356-3SOBwu5DiW3V62Koj5F7cYGfANE"', 'Nel': '{"report_to":"heroku-nel","response_headers":["Via"],"max_age":3600,"success_fraction":0.01,"failure_fraction":0.1}', 'Origin-Agent-Cluster': '?1', 'Referrer-Policy': 'strict-origin-when-cross-origin', 'Report-To': '{"group":"heroku-nel","endpoints":[{"url":"https://nel.heroku.com/reports?s=f1n71nh56ZEP2Vc1jLhSmCtqqdmViCeOzMgW%2F%2BB6jIk%3D\\u0026sid=c4c9725f-1ab0-44d8-820f-430df2718e11\\u0026ts=1777617686"}],"max_age":3600}', 'Reporting-Endpoints': 'heroku-nel="https://nel.heroku.com/reports?s=f1n71nh56ZEP2Vc1jLhSmCtqqdmViCeOzMgW%2F%2BB6jIk%3D&amp;sid=c4c9725f-1ab0-44d8-820f-430df2718e11&amp;ts=1777617686"', 'Server': 'cloudflare', 'Strict-Transport-Security': 'max-age=31536000; includeSubDomains', 'Via': '1.1 heroku-router', 'X-Content-Type-Options': 'nosniff', 'X-Dns-Prefetch-Control': 'off', 'X-Download-Options': 'noopen', 'X-Frame-Options': 'DENY', 'X-Permitted-Cross-Domain-Policies': 'none', 'X-Powered-By': 'ReqRes.in - Deploy backends in 30 seconds', 'X-Reqres-Docs': 'https://reqres.in', 'X-Reqres-Help': 'missing_api_key', 'X-Reqres-Message': 'This API is powered by ReqRes. Deploy your own backend in 30 seconds!', 'X-Reqres-Templates': 'https://app.reqres.in/templates', 'X-Reqres-Tip': 'Create your own backend with persistent data - app.reqres.in/dashboard', 'X-Reqres-Upgrade': 'https://app.reqres.in/upgrade', 'X-Request-Id': '1c7fafa6-d0ec-c2ad-55c6-d6a935f1adca', 'X-Robots-Tag': 'noindex, nofollow', 'X-Xss-Protection': '0', 'cf-cache-status': 'BYPASS', 'CF-RAY': '9f4ccceacc2f23ff-BOM'} 
 body={"error":"missing_api_key","message":"The x-api-key header is required for this endpoint.","hint":"Create a free key at app.reqres.in and send it as x-api-key.","next_steps":["Go to app.reqres.in/api-keys to get your key","Add header: x-api-key: &lt;your_key&gt;","For app user endpoints, use Authorization: Bearer &lt;session_token&gt; instead"],"docs_url":"https://app.reqres.in/docs#authentication","example_curl":"curl -H \"x-api-key: YOUR_API_KEY\" https://api.reqres.in/api/collections","_meta":{"powered_by":"ReqRes","docs_url":"https://app.reqres.in/documentation","upgrade_url":"https://app.reqres.in/upgrade","example_url":"https://app.reqres.in/examples/notes-app","variant":"v1_b","message":"Missing/invalid key. Grab a free key to keep responses consistent.","cta":{"label":"Get started","url":"https://app.reqres.in/api-keys"},"context":"invalid_key"}} 
 </msg>
<msg time="2026-05-01T12:11:26.507010" level="INFO">/Users/m3/Documents/Sneha_IMP/Robot_framework_project/.venv/lib/python3.14/site-packages/urllib3/connectionpool.py:1097: InsecureRequestWarning: Unverified HTTPS request is being made to host 'reqres.in'. Adding certificate verification is strongly advised. See: https://urllib3.readthedocs.io/en/latest/advanced-usage.html#tls-warnings
  warnings.warn(</msg>
<msg time="2026-05-01T12:11:26.507343" level="FAIL">HTTPError: 401 Client Error: Unauthorized for url: https://reqres.in/api/users</msg>
<var>${response}</var>
<arg>mysession</arg>
<arg>/api/users</arg>
<doc>Sends a GET request on a previously created HTTP Session.</doc>
<status status="FAIL" start="2026-05-01T12:11:22.366951" elapsed="4.151863">HTTPError: 401 Client Error: Unauthorized for url: https://reqres.in/api/users</status>
</kw>
<return>
<value>${response}</value>
<status status="NOT RUN" start="2026-05-01T12:11:26.519179" elapsed="0.000877"/>
</return>
<var>${response}</var>
<status status="FAIL" start="2026-05-01T12:11:22.366863" elapsed="4.153466">HTTPError: 401 Client Error: Unauthorized for url: https://reqres.in/api/users</status>
</kw>
<kw name="Should Be Equal As Numbers" owner="BuiltIn">
<arg>${response.status_code}</arg>
<arg>200</arg>
<doc>Fails if objects are unequal after converting them to real numbers.</doc>
<status status="NOT RUN" start="2026-05-01T12:11:26.520951" elapsed="0.000035"/>
</kw>
<tag>smoke</tag>
<status status="FAIL" start="2026-05-01T12:11:22.366002" elapsed="4.155409">HTTPError: 401 Client Error: Unauthorized for url: https://reqres.in/api/users</status>
</test>
<status status="FAIL" start="2026-05-01T12:11:22.155020" elapsed="4.367970"/>
</suite>
<statistics>
<total>
<stat pass="0" fail="1" skip="0">All Tests</stat>
</total>
<tag>
<stat pass="0" fail="1" skip="0">smoke</stat>
</tag>
<suite>
<stat name="Users Api" id="s1" pass="0" fail="1" skip="0">Users Api</stat>
</suite>
</statistics>
<errors>
</errors>
</robot>
