<?xml version="1.0" encoding="UTF-8"?>
<robot generator="Robot 7.4.2 (Python 3.14.2 on darwin)" generated="2026-05-01T12:15:49.834056" rpa="false" schemaversion="5">
<suite id="s1" name="Login Tests" source="/Users/m3/Documents/Sneha_IMP/Robot_framework_project/tests/ui/login_tests.robot">
<test id="s1-t1" name="Valid Login Test" line="6">
<kw name="Open Application" owner="common_keywords">
<kw name="Open Browser" owner="SeleniumLibrary">
<msg time="2026-05-01T12:15:49.919623" level="INFO">Opening browser 'chrome' to base url 'https://www.saucedemo.com'.</msg>
<arg>${base_url}</arg>
<arg>${browser}</arg>
<doc>Opens a new browser instance to the optional ``url``.</doc>
<status status="PASS" start="2026-05-01T12:15:49.919501" elapsed="5.403582"/>
</kw>
<kw name="Maximize Browser Window" owner="SeleniumLibrary">
<doc>Maximizes current browser window.</doc>
<status status="PASS" start="2026-05-01T12:15:55.324708" elapsed="0.193606"/>
</kw>
<status status="PASS" start="2026-05-01T12:15:49.919156" elapsed="5.599421"/>
</kw>
<kw name="Input Text" owner="SeleniumLibrary">
<msg time="2026-05-01T12:15:55.519591" level="INFO">Typing text 'standard_user' into text field 'id:user-name'.</msg>
<arg>${USERNAME_FIELD}</arg>
<arg>standard_user</arg>
<doc>Types the given ``text`` into the text field identified by ``locator``.</doc>
<status status="PASS" start="2026-05-01T12:15:55.518854" elapsed="0.107191"/>
</kw>
<kw name="Input Text" owner="SeleniumLibrary">
<msg time="2026-05-01T12:15:55.626479" level="INFO">Typing text 'secret_sauce' into text field 'id:password'.</msg>
<arg>${PASSWORD_FIELD}</arg>
<arg>secret_sauce</arg>
<doc>Types the given ``text`` into the text field identified by ``locator``.</doc>
<status status="PASS" start="2026-05-01T12:15:55.626297" elapsed="0.027709"/>
</kw>
<kw name="Click Button" owner="SeleniumLibrary">
<msg time="2026-05-01T12:15:55.654380" level="INFO">Clicking button 'id:login-button'.</msg>
<arg>${LOGIN_BUTTON}</arg>
<doc>Clicks the button identified by ``locator``.</doc>
<status status="PASS" start="2026-05-01T12:15:55.654195" elapsed="0.034866"/>
</kw>
<kw name="Page Should Contain" owner="SeleniumLibrary">
<msg time="2026-05-01T12:15:55.694392" level="INFO">Current page contains text 'Products'.</msg>
<arg>Products</arg>
<doc>Verifies that current page contains ``text``.</doc>
<status status="PASS" start="2026-05-01T12:15:55.689237" elapsed="0.005204"/>
</kw>
<kw name="Close Application" owner="common_keywords">
<kw name="Close Browser" owner="SeleniumLibrary">
<doc>Closes the current browser.</doc>
<status status="PASS" start="2026-05-01T12:15:55.694949" elapsed="0.077868"/>
</kw>
<status status="PASS" start="2026-05-01T12:15:55.694636" elapsed="0.078256"/>
</kw>
<tag>smoke</tag>
<status status="PASS" start="2026-05-01T12:15:49.918869" elapsed="5.854137"/>
</test>
<status status="PASS" start="2026-05-01T12:15:49.834546" elapsed="5.938712"/>
</suite>
<statistics>
<total>
<stat pass="1" fail="0" skip="0">All Tests</stat>
</total>
<tag>
<stat pass="1" fail="0" skip="0">smoke</stat>
</tag>
<suite>
<stat name="Login Tests" id="s1" pass="1" fail="0" skip="0">Login Tests</stat>
</suite>
</statistics>
<errors>
</errors>
</robot>
